<?xml version="1.0" encoding="UTF-8"?>
<!-- Generated by org.testng.reporters.JUnitReportReporter -->
<testsuite skipped="0" hostname="DESKTOP-30RM1VE" name="com.shop.tests.FirstTest" tests="9" failures="0" timestamp="2020-01-15T01:02:09 CET" time="58.559" errors="0">
  <testcase name="homeTest" time="0.015" classname="com.shop.tests.FirstTest"/>
  <testcase name="goToLoginPageTest" time="1.645" classname="com.shop.tests.FirstTest"/>
  <testcase name="loginTest" time="3.333" classname="com.shop.tests.FirstTest"/>
  <testcase name="shoppingCartOdziezTest" time="5.098" classname="com.shop.tests.FirstTest"/>
  <testcase name="shoppingCartAkcesoriaTest" time="5.198" classname="com.shop.tests.FirstTest"/>
  <testcase name="shoppingCartSztukaTest" time="5.298" classname="com.shop.tests.FirstTest"/>
  <testcase name="shoppingCartPersonalizowaneTest" time="9.176" classname="com.shop.tests.FirstTest"/>
  <testcase name="shoppingCartCheckoutTest" time="2.688" classname="com.shop.tests.FirstTest"/>
  <testcase name="shoppingPaymentTest" time="26.108" classname="com.shop.tests.FirstTest"/>
</testsuite> <!-- com.shop.tests.FirstTest -->
